<?xml version="1.0" encoding="UTF-8"?>
<testng-results skipped="0" failed="0" ignored="0" total="1" passed="1">
  <reporter-output>
  </reporter-output>
  <suite name="fb.DataCollectorProject.MainTest" duration-ms="38519" started-at="2019-09-25T23:09:38 GMT+04:00" finished-at="2019-09-25T23:10:16 GMT+04:00">
    <groups>
    </groups>
    <test name="Command line test" duration-ms="38519" started-at="2019-09-25T23:09:38 GMT+04:00" finished-at="2019-09-25T23:10:16 GMT+04:00">
      <class name="fb.DataCollectorProject.MainTest">
        <test-method status="PASS" signature="beforeC()[pri:0, instance:fb.DataCollectorProject.MainTest@47c62251]" name="beforeC" is-config="true" duration-ms="9858" started-at="2019-09-25T23:09:38 GMT+04:00" finished-at="2019-09-25T23:09:48 GMT+04:00">
          <reporter-output>
          </reporter-output>
        </test-method> <!-- beforeC -->
        <test-method status="PASS" signature="testMethod()[pri:0, instance:fb.DataCollectorProject.MainTest@47c62251]" name="testMethod" duration-ms="28579" started-at="2019-09-25T23:09:48 GMT+04:00" finished-at="2019-09-25T23:10:16 GMT+04:00">
          <reporter-output>
          </reporter-output>
        </test-method> <!-- testMethod -->
      </class> <!-- fb.DataCollectorProject.MainTest -->
    </test> <!-- Command line test -->
  </suite> <!-- fb.DataCollectorProject.MainTest -->
</testng-results>
